start: starrr
accept: ace
reject: rej
blank: _
sta 0 -> ace 1 ^
starrr 0 -> ace 1 ^
starrr 1 -> starr 1 ^
starr 0 -> starr 0 >
starr 1 -> starr 1 >
starr _ -> bkkr e <
bkkr 1 -> bkkr 1 <
bkkr 0 -> bkkr 0 <
bkkr _ -> sta _ >
sta 1 -> xer 1 <
xer _ -> one_writer x <
one_writer _ -> mul_writer 1  <
mul_writer _ -> copy_runner *  >
copy_runner * -> copy_runner * >
copy_runner 1 -> copy_runner 1 >
copy_runner 0 -> copy_runner 0 >
copy_runner x -> zero_eraiser x >
zero_eraiser 0 -> zero_eraiser _ >
zero_eraiser 1 -> copir 1 ^
zero_eraiser o -> translator o ^
zero_eraiser z -> translator z ^
translator z -> translator 0 >
translator o -> translator 1 >
translator _ -> minusator _ <
translator e -> minusator e <
minusator 1 -> multiplor 0 <
minusator 0 -> minusator 1 <
minusator _ -> cleaner_wh _ >
multiplor 0 -> multiplor 0 <
multiplor 1 -> multiplor 1 <
multiplor _ -> multiplor _ <
multiplor x -> multip x <
multip x -> multip x <
multip 1 -> multip 1 <
multip 0 -> multip 0 <
multip * -> multip * <
multip _ -> st _ >
copir 1 -> copir 1 >
copir 0 -> copir 0 >
copir _ -> backer _ <
copir e -> backer e <
copir o -> backer o <
copir z -> backer z <
backer 0 -> zero_back z <
backer 1 -> one_back o <
zero_back 0 -> zero_back 0 <
zero_back 1 -> zero_back 1 <
zero_back _ -> zero_back _ <
zero_back x -> zero_aft x <
zero_aft 1 -> zero_aft 1 <
zero_aft 0 -> zero_aft 0 <
zero_aft * -> zero_aft * <
zero_aft _ -> copy_runner 0 >
one_back 0 -> one_back 0 <
one_back 1 -> one_back 1 <
one_back _ -> one_back _ <
one_back x -> one_aft x <
one_aft 1 -> one_aft 1 <
one_aft 0 -> one_aft 0 <
one_aft * -> one_aft * <
one_aft _ -> copy_runner 1 >
st 0 -> clean_from_start 0 >
clean_from_start 0 -> clean_from_start _ >
clean_from_start 1 -> clean_from_start _ >
clean_from_start * -> clean_from_start _ >
clean_from_start _ -> go_back _ <
go_back _ -> go_back _ <
go_back 0 -> ac 0 ^
st 1 -> marker 1 <
marker _ -> runner x >
runner 1 -> runner 1 >
runner 0 -> runner 0 >
runner * -> digit_marker * <
runner o -> digit_marker o <
runner z -> digit_marker z <
digit_marker 1 -> one_multiplier o >
digit_marker 0 -> zero_multiplier z ^
zero_multiplier z -> just_mark z <
just_mark 0 -> just_mark 0 <
just_mark 1 -> just_mark 1 <
just_mark x -> just_mark_final x <
just_mark_final o -> just_mark_final o <
just_mark_final z -> just_mark_final z <
just_mark_final 0 -> mult_back z >
just_mark_final _ -> mult_back z >
just_mark_final 1 -> mult_back o >
one_multiplier z -> one_multiplier z >
one_multiplier o -> one_multiplier o >
one_multiplier * -> add_runner * >
add_runner 1 -> add_runner 1 >
add_runner 0 -> add_runner 0 >
add_runner z -> adder z <
add_runner o -> adder o <
add_runner _ -> add_raspred _ <
add_runner x -> add_raspred x <
add_raspred 0 -> adder 0 ^
add_raspred 1 -> adder 1 ^
adder 1 -> add_one o <
adder 0 -> add_zero z <
add_zero 1 -> add_zero 1 <
add_zero 0 -> add_zero 0 <
add_zero o -> add_zero o <
add_zero z -> add_zero z <
add_zero * -> add_zero * <
add_zero x -> just_mark_zero x <
just_mark_zero z -> just_mark_zero z <
just_mark_zero o -> just_mark_zero o <
just_mark_zero co -> just_mark_zero co <
just_mark_zero cz -> just_mark_zero cz <
just_mark_zero 0 -> pointer 0 >
just_mark_zero 1 -> pointer 1 >
just_mark_zero _ -> pointer 0 >
add_one 1 -> add_one 1 <
add_one 0 -> add_one 0 <
add_one * -> add_one * <
add_one z -> add_one z <
add_one o -> add_one o <
add_one x -> add_one_after x <
add_one_after z -> add_one_after z <
add_one_after o -> add_one_after o <
add_one_after cz -> add_one_after cz <
add_one_after co -> add_one_after co <
add_one_after 0 -> pointer 1 >
add_one_after 1 -> add_one_after 0 <
add_one_after _ -> pointer 1 >
pointer 1 -> pointer 1 >
pointer 0 -> pointer 0 >
pointer cz -> pointer_mode cz <
pointer co -> pointer_mode co <
pointer x -> pointer_mode x <
pointer o -> pointer_mode o <
pointer z -> pointer_mode z <
pointer_mode 1 -> back_runner co >
pointer_mode 0 -> back_runner cz >
back_runner co -> back_runner co >
back_runner o -> back_runner o >
back_runner z -> back_runner z >
back_runner cz -> back_runner cz >
back_runner x -> new_runner x >
new_runner 1 -> new_runner 1 >
new_runner 0 -> new_runner 0 >
new_runner o -> new_runner o >
new_runner z -> new_runner z >
new_runner * -> add_runner * >
adder * -> clean_mult * >
clean_mult o -> clean_mult 1 >
clean_mult z -> clean_mult 0 >
clean_mult _ -> clean_back _ <
clean_mult x -> clean_back x <
clean_back 0 -> clean_back 0 <
clean_back 1 -> clean_back 1 <
clean_back * -> clean_back * <
clean_back z -> clean_ostorozhno z <
clean_back o -> clean_ostorozhno o <
clean_ostorozhno z -> clean_ostorozhno z <
clean_ostorozhno o -> clean_ostorozhno o <
clean_ostorozhno 1 -> clean_result 1 <
clean_ostorozhno 0 -> clean_result 0 <
clean_result 0 -> clean_result 0 <
clean_result 1 -> clean_result 1 <
clean_result x -> clean_result x <
clean_result o -> clean_result o <
clean_result z -> clean_result z <
clean_result cz -> clean_final z <
clean_result co -> clean_final o <
clean_final co -> clean_final 1 <
clean_final cz -> clean_final 0 <
clean_final o -> clean_final 1 <
clean_final z -> clean_final 0 <
clean_final _ -> mult_back _ >
clean_final 1 -> mult_back 1 >
clean_final 0 -> mult_back 0 >
mult_back 1 -> mult_back 1 >
mult_back 0 -> mult_back 0 >
mult_back z -> mult_back z >
mult_back o -> mult_back o >
mult_back x -> runner x >
clean_ostorozhno x -> clean_global _ >
clean_global o -> clean_global _ >
clean_global z -> clean_global _ >
clean_global 1 -> clean_global _ >
clean_global * -> clean_global _ >
clean_global 0 -> clean_global _ >
clean_global _ -> clean_back_global _ <
clean_global x -> clean_back_global x <
clean_back_global _ -> clean_back_global _ <
clean_back_global x -> clean_back_global_final _ <
clean_back_global o -> clean_back_global_final o ^
clean_back_global z -> clean_back_global_final z ^
clean_back_global co -> clean_back_global_final co ^
clean_back_global cz -> clean_back_global_final cz ^
clean_back_global 0 -> clean_back_global_final 0 ^
clean_back_global 1 -> clean_back_global_final 1 ^
clean_back_global_final o -> clean_back_global_final 1 <
clean_back_global_final z -> clean_back_global_final 0 <
clean_back_global_final co -> clean_back_global_final 1 <
clean_back_global_final cz -> clean_back_global_final 0 <
clean_back_global_final 1 -> clean_back_global_final 1 <
clean_back_global_final 0 -> clean_back_global_final 0 <
clean_back_global_final _ -> clean_zeroes _ >
clean_zeroes 0 -> clean_zeroes _ >
clean_zeroes _ -> ac 0 ^
clean_zeroes 1 -> ac 1 ^
ac 1 -> ser 1 <
ser _ -> mover s >
mover 1 -> mover 1 >
mover 0 -> mover 0 >
mover _ -> tkkr _ <
tkkr 1 -> move_onee _ >
tkkr 0 -> move_zerr _ >
move_onee _ -> move_onee _ >
move_onee 0 -> st_one 0 <
move_onee 1 -> st_one 1 <
move_onee x -> st_one x <
move_zerr x -> st_zero x <
st_one _ -> br 1 <
move_zerr _ -> move_zerr _ >
move_zerr 0 -> st_zero 0 <
move_zerr 1 -> st_zero 1 <
st_zero _ -> br 0 <
br _ -> br _ <
br s -> bbr _ >
br 1 -> mover 1 ^
br 0 -> mover 0 ^
bbr _ -> bbr _ >
bbr 1 -> dr 1 <
dr _ -> copy_runner * >
zero_eraiser _ -> zero_eraiser _ >
zero_eraiser e -> zbkr _ <
zbkr _ -> zbkr _ <
zbkr x -> zbkr _ <
zbkr 0 -> zbkr 0 <
zbkr 1 -> zbkr 1 <
zbkr * -> ace _ >