start: s
accept: ac
reject: rj
blank: _
s 1 -> runner_one o >
s 0 -> runner_zero z >
runner_zero 0 -> runner_zero 0 >
runner_zero 1 -> runner_zero 1 >
runner_one 0 -> runner_one 0 >
runner_one 1 -> runner_one 1 >
runner_one < -> check_one_runner < >
check_one_runner te -> check_one_runner te >
check_one_runner tm -> check_one_runner tm >
check_one_runner f -> check_one_runner f >
runner_zero < -> check_zero_runner < >
check_zero_runner te -> check_zero_runner te >
check_zero_runner tm -> check_zero_runner tm >
check_zero_runner f -> check_zero_runner f >
check_one_runner 1 -> backer te <
check_one_runner 0 -> backer f <
check_zero_runner 1 -> backer tm <
check_zero_runner 0 -> backer te <
backer te -> backer te <
backer tm -> backer tm <
backer f -> backer f <
backer < -> backer < <
backer 0 -> backer 0 <
backer 1 -> backer 1 <
backer z -> s z >
backer o -> s o >
s < -> true_checker < >
true_checker te -> true_checker_was_only_eq te >
true_checker_1 te -> true_checker_1 te >
true_checker tm -> true_checker_1 tm >
true_checker_was_only_eq tm -> true_checker_1 tm >
true_checker_was_only_eq te -> true_checker_was_only_eq te >
true_checker_was_only_eq f -> true_checker_only_more_length f >
true_checker_only_more_length te -> true_checker_only_more_length te >
true_checker_only_more_length tm -> true_checker_only_more_length tm >
true_checker_only_more_length f -> true_checker_only_more_length f >
true_checker_only_more_length 0 -> ac 0 ^
true_checker_only_more_length 1 -> ac 1 ^
true_checker_only_more_length _ -> rj _ ^
true_checker_was_only_eq 1 -> ac 1 ^
true_checker_was_only_eq 0 -> ac 0 ^
true_checker_was_only_eq _ -> rj _ ^
true_checker_1 f -> true_checker_1 f >
true_checker_1 tm -> true_checker_1 tm >
true_checker_1 0 -> ac 0 ^
true_checker_1 1 -> ac 1 ^
true_checker_1 _ -> ac _ ^
true_or_more_checker te -> true_or_more_checker te >
true_or_more_checker tm -> true_or_more_checker tm >
true_or_more_checker f -> true_or_more_checker f >
true_or_more_checker _ -> rj _ ^
true_or_more_checker 1 -> ac 1 ^
true_or_more_checker 0 -> ac 0 ^
check_zero_runner _ -> rj _ ^
check_one_runner _ -> rj _ ^
