start: st
accept: ac
reject: rj
blank: _
st 0 -> clean_from_start 0 >
clean_from_start 0 -> clean_from_start _ >
clean_from_start 1 -> clean_from_start _ >
clean_from_start * -> clean_from_start _ >
clean_from_start _ -> go_back _ <
go_back _ -> go_back _ <
go_back 0 -> ac 0 ^
st 1 -> marker 1 <
marker _ -> runner x >
runner 1 -> runner 1 >
runner 0 -> runner 0 >
runner * -> digit_marker * <
runner o -> digit_marker o <
runner z -> digit_marker z <
digit_marker 1 -> one_multiplier o >
digit_marker 0 -> zero_multiplier z ^
zero_multiplier z -> just_mark z <
just_mark 0 -> just_mark 0 <
just_mark 1 -> just_mark 1 <
just_mark x -> just_mark_final x <
just_mark_final o -> just_mark_final o <
just_mark_final z -> just_mark_final z <
just_mark_final 0 -> mult_back z >
just_mark_final _ -> mult_back z >
just_mark_final 1 -> mult_back o >
one_multiplier z -> one_multiplier z >
one_multiplier o -> one_multiplier o >
one_multiplier * -> add_runner * >
add_runner 1 -> add_runner 1 >
add_runner 0 -> add_runner 0 >
add_runner z -> adder z <
add_runner o -> adder o <
add_runner _ -> add_raspred _ <
add_raspred 0 -> adder 0 ^
add_raspred 1 -> adder 1 ^
adder 1 -> add_one o <
adder 0 -> add_zero z <
add_zero 1 -> add_zero 1 <
add_zero 0 -> add_zero 0 <
add_zero o -> add_zero o <
add_zero z -> add_zero z <
add_zero * -> add_zero * <
add_zero x -> just_mark_zero x <
just_mark_zero z -> just_mark_zero z <
just_mark_zero o -> just_mark_zero o <
just_mark_zero co -> just_mark_zero co <
just_mark_zero cz -> just_mark_zero cz <
just_mark_zero 0 -> pointer 0 >
just_mark_zero 1 -> pointer 1 >
just_mark_zero _ -> pointer 0 >
add_one 1 -> add_one 1 <
add_one 0 -> add_one 0 <
add_one * -> add_one * <
add_one z -> add_one z <
add_one o -> add_one o <
add_one x -> add_one_after x <
add_one_after z -> add_one_after z <
add_one_after o -> add_one_after o <
add_one_after cz -> add_one_after cz <
add_one_after co -> add_one_after co <
add_one_after 0 -> pointer 1 >
add_one_after 1 -> add_one_after 0 <
add_one_after _ -> pointer 1 >
pointer 1 -> pointer 1 >
pointer 0 -> pointer 0 >
pointer cz -> pointer_mode cz <
pointer co -> pointer_mode co <
pointer x -> pointer_mode x <
pointer o -> pointer_mode o <
pointer z -> pointer_mode z <
pointer_mode 1 -> back_runner co >
pointer_mode 0 -> back_runner cz >
back_runner co -> back_runner co >
back_runner o -> back_runner o >
back_runner z -> back_runner z >
back_runner cz -> back_runner cz >
back_runner x -> new_runner x >
new_runner 1 -> new_runner 1 >
new_runner 0 -> new_runner 0 >
new_runner o -> new_runner o >
new_runner z -> new_runner z >
new_runner * -> add_runner * >
adder * -> clean_mult * >
clean_mult o -> clean_mult 1 >
clean_mult z -> clean_mult 0 >
clean_mult _ -> clean_back _ <
clean_back 0 -> clean_back 0 <
clean_back 1 -> clean_back 1 <
clean_back * -> clean_back * <
clean_back z -> clean_ostorozhno z <
clean_back o -> clean_ostorozhno o <
clean_ostorozhno z -> clean_ostorozhno z <
clean_ostorozhno o -> clean_ostorozhno o <
clean_ostorozhno 1 -> clean_result 1 <
clean_ostorozhno 0 -> clean_result 0 <
clean_result 0 -> clean_result 0 <
clean_result 1 -> clean_result 1 <
clean_result x -> clean_result x <
clean_result o -> clean_result o <
clean_result z -> clean_result z <
clean_result cz -> clean_final z <
clean_result co -> clean_final o <
clean_final co -> clean_final 1 <
clean_final cz -> clean_final 0 <
clean_final o -> clean_final 1 <
clean_final z -> clean_final 0 <
clean_final _ -> mult_back _ >
clean_final 1 -> mult_back 1 >
clean_final 0 -> mult_back 0 >
mult_back 1 -> mult_back 1 >
mult_back 0 -> mult_back 0 >
mult_back z -> mult_back z >
mult_back o -> mult_back o >
mult_back x -> runner x >
clean_ostorozhno x -> clean_global _ >
clean_global o -> clean_global _ >
clean_global z -> clean_global _ >
clean_global 1 -> clean_global _ >
clean_global * -> clean_global _ >
clean_global 0 -> clean_global _ >
clean_global _ -> clean_back_global _ <
clean_back_global _ -> clean_back_global _ <
clean_back_global x -> clean_back_global_final _ <
clean_back_global o -> clean_back_global_final o ^
clean_back_global z -> clean_back_global_final z ^
clean_back_global co -> clean_back_global_final co ^
clean_back_global cz -> clean_back_global_final cz ^
clean_back_global 0 -> clean_back_global_final 0 ^
clean_back_global 1 -> clean_back_global_final 1 ^
clean_back_global_final o -> clean_back_global_final 1 <
clean_back_global_final z -> clean_back_global_final 0 <
clean_back_global_final co -> clean_back_global_final 1 <
clean_back_global_final cz -> clean_back_global_final 0 <
clean_back_global_final 1 -> clean_back_global_final 1 <
clean_back_global_final 0 -> clean_back_global_final 0 <
clean_back_global_final _ -> clean_zeroes _ >
clean_zeroes 0 -> clean_zeroes _ >
clean_zeroes _ -> ac 0 ^
clean_zeroes 1 -> ac 1 ^
